e:\visual studio projects_3_vc++_mfc\jan_02_database_exp\alenqstat\alenqstat\debug\alenqstat.pch
e:\visual studio projects_3_vc++_mfc\jan_02_database_exp\alenqstat\alenqstat\debug\vc140.pdb
e:\visual studio projects_3_vc++_mfc\jan_02_database_exp\alenqstat\alenqstat\debug\vc140.idb
e:\visual studio projects_3_vc++_mfc\jan_02_database_exp\alenqstat\alenqstat\debug\stdafx.obj
e:\visual studio projects_3_vc++_mfc\jan_02_database_exp\alenqstat\alenqstat\debug\alenqstat.obj
e:\visual studio projects_3_vc++_mfc\jan_02_database_exp\alenqstat\alenqstat\debug\alenqstatdoc.obj
e:\visual studio projects_3_vc++_mfc\jan_02_database_exp\alenqstat\alenqstat\debug\alenqstatset.obj
e:\visual studio projects_3_vc++_mfc\jan_02_database_exp\alenqstat\alenqstat\debug\alenqstatview.obj
e:\visual studio projects_3_vc++_mfc\jan_02_database_exp\alenqstat\alenqstat\debug\classview.obj
e:\visual studio projects_3_vc++_mfc\jan_02_database_exp\alenqstat\alenqstat\debug\fileview.obj
e:\visual studio projects_3_vc++_mfc\jan_02_database_exp\alenqstat\alenqstat\debug\mainfrm.obj
e:\visual studio projects_3_vc++_mfc\jan_02_database_exp\alenqstat\alenqstat\debug\outputwnd.obj
e:\visual studio projects_3_vc++_mfc\jan_02_database_exp\alenqstat\alenqstat\debug\propertieswnd.obj
e:\visual studio projects_3_vc++_mfc\jan_02_database_exp\alenqstat\alenqstat\debug\viewtree.obj
e:\visual studio projects_3_vc++_mfc\jan_02_database_exp\alenqstat\alenqstat\debug\alenqstat.res
e:\visual studio projects_3_vc++_mfc\jan_02_database_exp\alenqstat\debug\alenqstat.pdb
e:\visual studio projects_3_vc++_mfc\jan_02_database_exp\alenqstat\alenqstat\debug\alenqstat.tlog\cl.command.1.tlog
e:\visual studio projects_3_vc++_mfc\jan_02_database_exp\alenqstat\alenqstat\debug\alenqstat.tlog\cl.read.1.tlog
e:\visual studio projects_3_vc++_mfc\jan_02_database_exp\alenqstat\alenqstat\debug\alenqstat.tlog\cl.write.1.tlog
e:\visual studio projects_3_vc++_mfc\jan_02_database_exp\alenqstat\alenqstat\debug\alenqstat.tlog\link-cvtres.read.1.tlog
e:\visual studio projects_3_vc++_mfc\jan_02_database_exp\alenqstat\alenqstat\debug\alenqstat.tlog\link-cvtres.write.1.tlog
e:\visual studio projects_3_vc++_mfc\jan_02_database_exp\alenqstat\alenqstat\debug\alenqstat.tlog\link-mt.read.1.tlog
e:\visual studio projects_3_vc++_mfc\jan_02_database_exp\alenqstat\alenqstat\debug\alenqstat.tlog\link-mt.write.1.tlog
e:\visual studio projects_3_vc++_mfc\jan_02_database_exp\alenqstat\alenqstat\debug\alenqstat.tlog\link-rc.read.1.tlog
e:\visual studio projects_3_vc++_mfc\jan_02_database_exp\alenqstat\alenqstat\debug\alenqstat.tlog\link-rc.write.1.tlog
e:\visual studio projects_3_vc++_mfc\jan_02_database_exp\alenqstat\alenqstat\debug\alenqstat.tlog\link.command.1.tlog
e:\visual studio projects_3_vc++_mfc\jan_02_database_exp\alenqstat\alenqstat\debug\alenqstat.tlog\link.read.1.tlog
e:\visual studio projects_3_vc++_mfc\jan_02_database_exp\alenqstat\alenqstat\debug\alenqstat.tlog\link.write.1.tlog
e:\visual studio projects_3_vc++_mfc\jan_02_database_exp\alenqstat\alenqstat\debug\alenqstat.tlog\rc.command.1.tlog
e:\visual studio projects_3_vc++_mfc\jan_02_database_exp\alenqstat\alenqstat\debug\alenqstat.tlog\rc.read.1.tlog
e:\visual studio projects_3_vc++_mfc\jan_02_database_exp\alenqstat\alenqstat\debug\alenqstat.tlog\rc.write.1.tlog
