e:\visual studio projects_3_vc++_mfc\jan_03_database exp\dataexp\dataexp\debug\dataexp.pch
e:\visual studio projects_3_vc++_mfc\jan_03_database exp\dataexp\dataexp\debug\vc140.pdb
e:\visual studio projects_3_vc++_mfc\jan_03_database exp\dataexp\dataexp\debug\vc140.idb
e:\visual studio projects_3_vc++_mfc\jan_03_database exp\dataexp\dataexp\debug\stdafx.obj
e:\visual studio projects_3_vc++_mfc\jan_03_database exp\dataexp\dataexp\debug\dataexp.obj
e:\visual studio projects_3_vc++_mfc\jan_03_database exp\dataexp\dataexp\debug\dataexpdoc.obj
e:\visual studio projects_3_vc++_mfc\jan_03_database exp\dataexp\dataexp\debug\dataexpset.obj
e:\visual studio projects_3_vc++_mfc\jan_03_database exp\dataexp\dataexp\debug\dataexpview.obj
e:\visual studio projects_3_vc++_mfc\jan_03_database exp\dataexp\dataexp\debug\mainfrm.obj
e:\visual studio projects_3_vc++_mfc\jan_03_database exp\dataexp\debug\dataexp.ilk
e:\visual studio projects_3_vc++_mfc\jan_03_database exp\dataexp\debug\dataexp.exe
e:\visual studio projects_3_vc++_mfc\jan_03_database exp\dataexp\debug\dataexp.pdb
e:\visual studio projects_3_vc++_mfc\jan_03_database exp\dataexp\dataexp\debug\dataexp.res
e:\visual studio projects_3_vc++_mfc\jan_03_database exp\dataexp\dataexp\debug\dataexp.tlog\cl.command.1.tlog
e:\visual studio projects_3_vc++_mfc\jan_03_database exp\dataexp\dataexp\debug\dataexp.tlog\cl.read.1.tlog
e:\visual studio projects_3_vc++_mfc\jan_03_database exp\dataexp\dataexp\debug\dataexp.tlog\cl.write.1.tlog
e:\visual studio projects_3_vc++_mfc\jan_03_database exp\dataexp\dataexp\debug\dataexp.tlog\link.command.1.tlog
e:\visual studio projects_3_vc++_mfc\jan_03_database exp\dataexp\dataexp\debug\dataexp.tlog\link.read.1.tlog
e:\visual studio projects_3_vc++_mfc\jan_03_database exp\dataexp\dataexp\debug\dataexp.tlog\link.write.1.tlog
e:\visual studio projects_3_vc++_mfc\jan_03_database exp\dataexp\dataexp\debug\dataexp.tlog\rc.command.1.tlog
e:\visual studio projects_3_vc++_mfc\jan_03_database exp\dataexp\dataexp\debug\dataexp.tlog\rc.read.1.tlog
e:\visual studio projects_3_vc++_mfc\jan_03_database exp\dataexp\dataexp\debug\dataexp.tlog\rc.write.1.tlog
