e:\visual studio projects_3_vc++_mfc\jan_04_database exp\mfcapplication1\mfcapplication1\debug\mfcapplication1.pch
e:\visual studio projects_3_vc++_mfc\jan_04_database exp\mfcapplication1\mfcapplication1\debug\vc140.pdb
e:\visual studio projects_3_vc++_mfc\jan_04_database exp\mfcapplication1\mfcapplication1\debug\vc140.idb
e:\visual studio projects_3_vc++_mfc\jan_04_database exp\mfcapplication1\mfcapplication1\debug\stdafx.obj
e:\visual studio projects_3_vc++_mfc\jan_04_database exp\mfcapplication1\mfcapplication1\debug\mainfrm.obj
e:\visual studio projects_3_vc++_mfc\jan_04_database exp\mfcapplication1\mfcapplication1\debug\mfcapplication1.obj
e:\visual studio projects_3_vc++_mfc\jan_04_database exp\mfcapplication1\mfcapplication1\debug\mfcapplication1doc.obj
e:\visual studio projects_3_vc++_mfc\jan_04_database exp\mfcapplication1\mfcapplication1\debug\mfcapplication1set.obj
e:\visual studio projects_3_vc++_mfc\jan_04_database exp\mfcapplication1\mfcapplication1\debug\mfcapplication1view.obj
e:\visual studio projects_3_vc++_mfc\jan_04_database exp\mfcapplication1\mfcapplication1\debug\newdialog1.obj
e:\visual studio projects_3_vc++_mfc\jan_04_database exp\mfcapplication1\debug\mfcapplication1.ilk
e:\visual studio projects_3_vc++_mfc\jan_04_database exp\mfcapplication1\debug\mfcapplication1.exe
e:\visual studio projects_3_vc++_mfc\jan_04_database exp\mfcapplication1\debug\mfcapplication1.pdb
e:\visual studio projects_3_vc++_mfc\jan_04_database exp\mfcapplication1\mfcapplication1\debug\mfcapplication1.res
e:\visual studio projects_3_vc++_mfc\jan_04_database exp\mfcapplication1\mfcapplication1\debug\mfcapplication1.tlog\cl.command.1.tlog
e:\visual studio projects_3_vc++_mfc\jan_04_database exp\mfcapplication1\mfcapplication1\debug\mfcapplication1.tlog\cl.read.1.tlog
e:\visual studio projects_3_vc++_mfc\jan_04_database exp\mfcapplication1\mfcapplication1\debug\mfcapplication1.tlog\cl.write.1.tlog
e:\visual studio projects_3_vc++_mfc\jan_04_database exp\mfcapplication1\mfcapplication1\debug\mfcapplication1.tlog\link.command.1.tlog
e:\visual studio projects_3_vc++_mfc\jan_04_database exp\mfcapplication1\mfcapplication1\debug\mfcapplication1.tlog\link.read.1.tlog
e:\visual studio projects_3_vc++_mfc\jan_04_database exp\mfcapplication1\mfcapplication1\debug\mfcapplication1.tlog\link.write.1.tlog
e:\visual studio projects_3_vc++_mfc\jan_04_database exp\mfcapplication1\mfcapplication1\debug\mfcapplication1.tlog\rc.command.1.tlog
e:\visual studio projects_3_vc++_mfc\jan_04_database exp\mfcapplication1\mfcapplication1\debug\mfcapplication1.tlog\rc.read.1.tlog
e:\visual studio projects_3_vc++_mfc\jan_04_database exp\mfcapplication1\mfcapplication1\debug\mfcapplication1.tlog\rc.write.1.tlog
